[debug] [2023-04-05T01:35:24.658Z] ----------------------------------------------------------------------
[debug] [2023-04-05T01:35:24.660Z] Command:       C:\Program Files\nodejs\node.exe C:\Users\ss348\AppData\Roaming\npm\node_modules\firebase-tools\lib\bin\firebase.js init
[debug] [2023-04-05T01:35:24.661Z] CLI Version:   11.25.2
[debug] [2023-04-05T01:35:24.661Z] Platform:      win32
[debug] [2023-04-05T01:35:24.661Z] Node Version:  v18.14.0
[debug] [2023-04-05T01:35:24.662Z] Time:          Wed Apr 05 2023 09:35:24 GMT+0800 (台北標準時間)
[debug] [2023-04-05T01:35:24.662Z] ----------------------------------------------------------------------
[debug] 
[debug] [2023-04-05T01:35:24.670Z] > command requires scopes: ["email","openid","https://www.googleapis.com/auth/cloudplatformprojects.readonly","https://www.googleapis.com/auth/firebase","https://www.googleapis.com/auth/cloud-platform"]
[debug] [2023-04-05T01:35:24.671Z] > authorizing via signed-in user (ss348774832@gmail.com)
[info] 
     ######## #### ########  ######## ########     ###     ######  ########
     ##        ##  ##     ## ##       ##     ##  ##   ##  ##       ##
     ######    ##  ########  ######   ########  #########  ######  ######
     ##        ##  ##    ##  ##       ##     ## ##     ##       ## ##
     ##       #### ##     ## ######## ########  ##     ##  ######  ########

You're about to initialize a Firebase project in this directory:

  C:\Users\ss348\Desktop\projects\project2

[info] 
=== Project Setup
[info] 
[info] First, let's associate this project directory with a Firebase project.
[info] You can create multiple project aliases by running firebase use --add, 
[info] but for now we'll just set up a default project.
[info] 
[debug] [2023-04-05T01:36:39.954Z] >>> [apiv2][query] GET https://firebase.googleapis.com/v1beta1/projects pageSize=100
[debug] [2023-04-05T01:36:41.050Z] <<< [apiv2][status] GET https://firebase.googleapis.com/v1beta1/projects 200
[debug] [2023-04-05T01:36:41.050Z] <<< [apiv2][body] GET https://firebase.googleapis.com/v1beta1/projects [omitted]
[info] i  Using project fir-frontend-acbd7 (Firebase-frontend) 
[info] 
=== Hosting Setup
[info] 
[info] Your public directory is the folder (relative to your project directory) that
[info] will contain Hosting assets to be uploaded with firebase deploy. If you
[info] have a build process for your assets, use your build's output directory.
[info] 
[info] +  Wrote public/404.html 
[debug] [2023-04-05T01:38:40.685Z] >>> [apiv2][query] GET https://www.gstatic.com/firebasejs/releases.json [none]
[debug] [2023-04-05T01:38:40.888Z] <<< [apiv2][status] GET https://www.gstatic.com/firebasejs/releases.json 200
[debug] [2023-04-05T01:38:40.888Z] <<< [apiv2][body] GET https://www.gstatic.com/firebasejs/releases.json {"current":{"version":"9.19.1","browserURL":"https://www.gstatic.com/firebasejs/9.19.1/firebase.js","packageURL":"https://www.gstatic.com/firebasejs/9.19.1/firebase.tgz"},"live":{"version":"9.19","browserURL":"https://www.gstatic.com/firebasejs/live/9.19/firebase.js","packageURL":"https://www.gstatic.com/firebasejs/live/9.19/firebase.tgz"},"components":{"analytics":"https://www.gstatic.com/firebasejs/9.19.1/firebase-analytics.js","app":"https://www.gstatic.com/firebasejs/9.19.1/firebase-app.js","app-check":"https://www.gstatic.com/firebasejs/9.19.1/firebase-app-check.js","auth":"https://www.gstatic.com/firebasejs/9.19.1/firebase-auth.js","auth/cordova":"https://www.gstatic.com/firebasejs/9.19.1/firebase-auth/cordova.js","auth/react-native":"https://www.gstatic.com/firebasejs/9.19.1/firebase-auth/react-native.js","functions":"https://www.gstatic.com/firebasejs/9.19.1/firebase-functions.js","firestore":"https://www.gstatic.com/firebasejs/9.19.1/firebase-firestore.js","firestore/lite":"https://www.gstatic.com/firebasejs/9.19.1/firebase-firestore/lite.js","installations":"https://www.gstatic.com/firebasejs/9.19.1/firebase-installations.js","storage":"https://www.gstatic.com/firebasejs/9.19.1/firebase-storage.js","performance":"https://www.gstatic.com/firebasejs/9.19.1/firebase-performance.js","remote-config":"https://www.gstatic.com/firebasejs/9.19.1/firebase-remote-config.js","messaging":"https://www.gstatic.com/firebasejs/9.19.1/firebase-messaging.js","messaging/sw":"https://www.gstatic.com/firebasejs/9.19.1/firebase-messaging/sw.js","database":"https://www.gstatic.com/firebasejs/9.19.1/firebase-database.js","firestore.memory":"https://www.gstatic.com/firebasejs/9.19.1/firebase-firestore.memory.js"}}
[info] i  Skipping write of public/index.html 
[info] 
[info] i  Didn't detect a .git folder. Assuming C:\Users\ss348\Desktop\projects\project2 is the project root. 
[info] i  Authorizing with GitHub to upload your service account to a GitHub repository's secrets store. 
[info] 
[info] Visit this URL on this device to log in:
[info] https://github.com/login/oauth/authorize?client_id=89cf50f02ac6aaed3484&state=454921322&redirect_uri=http%3A%2F%2Flocalhost%3A9005&scope=read%3Auser%20repo%20public_repo
[info] 
[info] Waiting for authentication...
[debug] [2023-04-05T01:39:03.705Z] >>> [apiv2][query] POST https://github.com/login/oauth/access_token [none]
[debug] [2023-04-05T01:39:03.705Z] >>> [apiv2][body] POST https://github.com/login/oauth/access_token [stream]
[debug] [2023-04-05T01:39:04.236Z] <<< [apiv2][status] POST https://github.com/login/oauth/access_token 200
[debug] [2023-04-05T01:39:04.236Z] <<< [apiv2][body] POST https://github.com/login/oauth/access_token {"access_token":"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","token_type":"bearer","scope":"read:user,repo"}
[debug] [2023-04-05T01:39:04.253Z] >>> [apiv2][query] GET https://api.github.com/user [none]
[debug] [2023-04-05T01:39:04.744Z] <<< [apiv2][status] GET https://api.github.com/user 200
[debug] [2023-04-05T01:39:04.744Z] <<< [apiv2][body] GET https://api.github.com/user {"login":"Louis0621","id":101032524,"node_id":"U_kgDOBgWiTA","avatar_url":"https://avatars.githubusercontent.com/u/101032524?v=4","gravatar_id":"","url":"https://api.github.com/users/Louis0621","html_url":"https://github.com/Louis0621","followers_url":"https://api.github.com/users/Louis0621/followers","following_url":"https://api.github.com/users/Louis0621/following{/other_user}","gists_url":"https://api.github.com/users/Louis0621/gists{/gist_id}","starred_url":"https://api.github.com/users/Louis0621/starred{/owner}{/repo}","subscriptions_url":"https://api.github.com/users/Louis0621/subscriptions","organizations_url":"https://api.github.com/users/Louis0621/orgs","repos_url":"https://api.github.com/users/Louis0621/repos","events_url":"https://api.github.com/users/Louis0621/events{/privacy}","received_events_url":"https://api.github.com/users/Louis0621/received_events","type":"User","site_admin":false,"name":"AN SYU Li","company":null,"blog":"","location":null,"email":null,"hireable":null,"bio":null,"twitter_username":null,"public_repos":2,"public_gists":0,"followers":1,"following":1,"created_at":"2022-03-06T04:50:16Z","updated_at":"2023-03-30T05:22:51Z","private_gists":0,"total_private_repos":0,"owned_private_repos":0,"disk_usage":73405,"collaborators":0,"two_factor_authentication":false,"plan":{"name":"free","space":976562499,"collaborators":0,"private_repos":10000}}
[info] 
[info] +  Success! Logged into GitHub as Louis0621 
[info] 
